4 : 8000 (CE06FD) : LDX #1789
6 : 8003 (0 1) : NOP*esto es otro comentario
7 : 8004 (C60B) : LDAB #11
8 : 8006 (DE0F) : LDX 15
9 : 8008 (A645) : LDAA $45,X
10 : 800a (94F0) : ANDA $F0
11 : 800c (18 FEABCD) : LDY $ABCD
12 : 8010 (0 9) : DEX
13 : 8011 (0 1) : nop
14 : 8012 (A645) : LDAA $45,X
15 : 8014 (A645) : LDAA $45,X
16 : 8016 (18 E667) : LDAB $67,Y
17 : 8019 (B6457C) : LDAA $457C
18 : 801c (7E8000) : JMP INICIO
19 : 801f (0 1) : NOP
20 : 8020 (94FF) : ANDA 255
21 : 8022 (26DF) : BNE CICLO
23 : 3000 (0 1) : NOP
24 : 3001 (0 1) : NOP
25 : 3002 (94FF) : ANDA 255
